\BOOKMARK [1][-]{section.1}{\376\377\000I\000n\000t\000r\000o\000d\000u\000c\000t\000i\000o\000n}{}% 1
\BOOKMARK [1][-]{section.2}{\376\377\000C\000l\000o\000c\000k\000\040\000F\000u\000n\000c\000t\000i\000o\000n\000a\000l\000i\000t\000y\000\040\000a\000n\000d\000\040\000H\000a\000r\000d\000w\000a\000r\000e\000\040\000S\000e\000t\000u\000p}{}% 2
\BOOKMARK [1][-]{section.3}{\376\377\000C\000l\000o\000c\000k\000\040\000L\000o\000g\000i\000c}{}% 3
\BOOKMARK [2][-]{subsection.3.1}{\376\377\000D\000i\000s\000p\000l\000a\000y\000s\000\040\0002\000\040\000\050\000D\000i\000s\000p\000l\000a\000y\0001\000\040\000=\0002\000\051\000,\000\040\0004\000\040\000a\000n\000d\000\040\0006}{section.3}% 4
\BOOKMARK [2][-]{subsection.3.2}{\376\377\000D\000i\000s\000p\000l\000a\000y\000s\000\040\0003\000\040\000a\000n\000d\000\040\0005}{section.3}% 5
\BOOKMARK [2][-]{subsection.3.3}{\376\377\000D\000i\000s\000p\000l\000a\000y\000\040\0002\000\040\000\050\000D\000i\000s\000p\000l\000a\000y\0001\000\040\000=\000\040\0002\000\051}{section.3}% 6
\BOOKMARK [2][-]{subsection.3.4}{\376\377\000H\000o\000u\000r\000s\000\040\000T\000e\000n\000s\000\040\000\050\0000\000-\0002\000\051}{section.3}% 7
\BOOKMARK [1][-]{section.4}{\376\377\000D\000e\000c\000r\000e\000m\000e\000n\000t\000\040\000L\000o\000g\000i\000c}{}% 8
\BOOKMARK [2][-]{subsection.4.1}{\376\377\000S\000e\000c\000o\000n\000d\000s\000\040\000O\000n\000e\000s\000\040\000\050\0000\000-\0009\000\051}{section.4}% 9
\BOOKMARK [2][-]{subsection.4.2}{\376\377\000S\000e\000c\000o\000n\000d\000s\000\040\000T\000e\000n\000s\000\040\000\050\0000\000-\0005\000\051}{section.4}% 10
\BOOKMARK [2][-]{subsection.4.3}{\376\377\000M\000i\000n\000u\000t\000e\000s\000\040\000O\000n\000e\000s\000\040\000\050\0000\000-\0009\000\051}{section.4}% 11
\BOOKMARK [2][-]{subsection.4.4}{\376\377\000M\000i\000n\000u\000t\000e\000s\000\040\000T\000e\000n\000s\000\040\000\050\0000\000-\0005\000\051}{section.4}% 12
\BOOKMARK [2][-]{subsection.4.5}{\376\377\000H\000o\000u\000r\000s\000\040\000O\000n\000e\000s\000\040}{section.4}% 13
\BOOKMARK [2][-]{subsection.4.6}{\376\377\000H\000o\000u\000r\000s\000\040\000T\000e\000n\000s\000\040\000\050\0000\000-\0002\000\051}{section.4}% 14
\BOOKMARK [1][-]{section.5}{\376\377\000M\000u\000l\000t\000i\000p\000l\000e\000x\000i\000n\000g\000\040\000T\000e\000c\000h\000n\000i\000q\000u\000e}{}% 15
\BOOKMARK [1][-]{section.6}{\376\377\000D\000i\000g\000i\000t\000\040\000E\000d\000i\000t\000i\000n\000g\000\040\000L\000o\000g\000i\000c}{}% 16
\BOOKMARK [1][-]{section.7}{\376\377\000C\000o\000n\000t\000r\000o\000l\000\040\000I\000m\000p\000l\000e\000m\000e\000n\000t\000a\000t\000i\000o\000n}{}% 17
\BOOKMARK [1][-]{section.8}{\376\377\000S\000o\000f\000t\000w\000a\000r\000e\000\040\000I\000m\000p\000l\000e\000m\000e\000n\000t\000a\000t\000i\000o\000n}{}% 18
\BOOKMARK [1][-]{section.9}{\376\377\000E\000x\000e\000c\000u\000t\000i\000o\000n}{}% 19
\BOOKMARK [2][-]{subsection.9.1}{\376\377\000U\000p\000l\000o\000a\000d\000\040\000C\000o\000d\000e\000\040\000t\000o\000\040\000A\000r\000d\000u\000i\000n\000o}{section.9}% 20
\BOOKMARK [2][-]{subsection.9.2}{\376\377\000H\000a\000r\000d\000w\000a\000r\000e\000\040\000B\000u\000i\000l\000d}{section.9}% 21
\BOOKMARK [1][-]{section*.2}{\376\377\000R\000e\000f\000e\000r\000e\000n\000c\000e\000s}{}% 22
